0 info it worked if it ends with ok
1 verbose cli [ '/usr/local/bin/node',
1 verbose cli   '/usr/local/bin/npm',
1 verbose cli   'run',
1 verbose cli   'ionic:serve',
1 verbose cli   '--',
1 verbose cli   '--v2',
1 verbose cli   '--lab',
1 verbose cli   '--address',
1 verbose cli   '0.0.0.0',
1 verbose cli   '--port',
1 verbose cli   '8101',
1 verbose cli   '--livereload-port',
1 verbose cli   '35730' ]
2 info using npm@3.10.8
3 info using node@v6.9.1
4 verbose run-script [ 'preionic:serve', 'ionic:serve', 'postionic:serve' ]
5 info lifecycle Pulse@~preionic:serve: Pulse@
6 silly lifecycle Pulse@~preionic:serve: no script for preionic:serve, continuing
7 info lifecycle Pulse@~ionic:serve: Pulse@
8 verbose lifecycle Pulse@~ionic:serve: unsafe-perm in lifecycle true
9 verbose lifecycle Pulse@~ionic:serve: PATH: /usr/local/lib/node_modules/npm/bin/node-gyp-bin:/Users/msteadman/Documents/Projects/Pulse/node_modules/.bin:/usr/local/bin:/usr/bin:/bin:/usr/sbin:/sbin
10 verbose lifecycle Pulse@~ionic:serve: CWD: /Users/msteadman/Documents/Projects/Pulse
11 silly lifecycle Pulse@~ionic:serve: Args: [ '-c',
11 silly lifecycle   'ionic-app-scripts serve "--v2" "--lab" "--address" "0.0.0.0" "--port" "8101" "--livereload-port" "35730"' ]
12 silly lifecycle Pulse@~ionic:serve: Returned: code: 1  signal: null
13 info lifecycle Pulse@~ionic:serve: Failed to exec ionic:serve script
14 verbose stack Error: Pulse@ ionic:serve: `ionic-app-scripts serve "--v2" "--lab" "--address" "0.0.0.0" "--port" "8101" "--livereload-port" "35730"`
14 verbose stack Exit status 1
14 verbose stack     at EventEmitter.<anonymous> (/usr/local/lib/node_modules/npm/lib/utils/lifecycle.js:255:16)
14 verbose stack     at emitTwo (events.js:106:13)
14 verbose stack     at EventEmitter.emit (events.js:191:7)
14 verbose stack     at ChildProcess.<anonymous> (/usr/local/lib/node_modules/npm/lib/utils/spawn.js:40:14)
14 verbose stack     at emitTwo (events.js:106:13)
14 verbose stack     at ChildProcess.emit (events.js:191:7)
14 verbose stack     at maybeClose (internal/child_process.js:877:16)
14 verbose stack     at Process.ChildProcess._handle.onexit (internal/child_process.js:226:5)
15 verbose pkgid Pulse@
16 verbose cwd /Users/msteadman/Documents/Projects/Pulse
17 error Darwin 16.3.0
18 error argv "/usr/local/bin/node" "/usr/local/bin/npm" "run" "ionic:serve" "--" "--v2" "--lab" "--address" "0.0.0.0" "--port" "8101" "--livereload-port" "35730"
19 error node v6.9.1
20 error npm  v3.10.8
21 error code ELIFECYCLE
22 error Pulse@ ionic:serve: `ionic-app-scripts serve "--v2" "--lab" "--address" "0.0.0.0" "--port" "8101" "--livereload-port" "35730"`
22 error Exit status 1
23 error Failed at the Pulse@ ionic:serve script 'ionic-app-scripts serve "--v2" "--lab" "--address" "0.0.0.0" "--port" "8101" "--livereload-port" "35730"'.
23 error Make sure you have the latest version of node.js and npm installed.
23 error If you do, this is most likely a problem with the Pulse package,
23 error not with npm itself.
23 error Tell the author that this fails on your system:
23 error     ionic-app-scripts serve "--v2" "--lab" "--address" "0.0.0.0" "--port" "8101" "--livereload-port" "35730"
23 error You can get information on how to open an issue for this project with:
23 error     npm bugs Pulse
23 error Or if that isn't available, you can get their info via:
23 error     npm owner ls Pulse
23 error There is likely additional logging output above.
24 verbose exit [ 1, true ]
